Line 324: Class MSDataListLib.DataCombo of control cbofarmerid was not a loaded control class.
Line 352: Class MSComCtl2.DTPicker of control txtregdate was not a loaded control class.
Line 373: Class MSDataListLib.DataCombo of control cbotrnid was not a loaded control class.
Line 473: Class MSDataListLib.DataCombo of control cbocgid was not a loaded control class.
Line 500: Class MSDataListLib.DataCombo of control cbomhvstaff was not a loaded control class.
Line 564: Class MSComctlLib.ImageList of control IMG was not a loaded control class.
Line 602: Class MSComctlLib.Toolbar of control TB was not a loaded control class.
Line 325: The property name Bindings in cbofarmerid is invalid.
Line 332: The property name _ExtentX in cbofarmerid is invalid.
Line 333: The property name _ExtentY in cbofarmerid is invalid.
Line 334: The property name _Version in cbofarmerid is invalid.
Line 339: The property name ListField in cbofarmerid is invalid.
Line 340: The property name BoundColumn in cbofarmerid is invalid.
Line 341: The property name Text in cbofarmerid is invalid.
Line 358: The property name _ExtentX in txtregdate is invalid.
Line 359: The property name _ExtentY in txtregdate is invalid.
Line 360: The property name _Version in txtregdate is invalid.
Line 370: The property name Format in txtregdate is invalid.
Line 371: The property name CurrentDate in txtregdate is invalid.
Line 374: The property name Bindings in cbotrnid is invalid.
Line 381: The property name _ExtentX in cbotrnid is invalid.
Line 382: The property name _ExtentY in cbotrnid is invalid.
Line 383: The property name _Version in cbotrnid is invalid.
Line 388: The property name ListField in cbotrnid is invalid.
Line 389: The property name BoundColumn in cbotrnid is invalid.
Line 390: The property name Text in cbotrnid is invalid.
Line 474: The property name Bindings in cbocgid is invalid.
Line 481: The property name _ExtentX in cbocgid is invalid.
Line 482: The property name _ExtentY in cbocgid is invalid.
Line 483: The property name _Version in cbocgid is invalid.
Line 487: The property name ListField in cbocgid is invalid.
Line 488: The property name BoundColumn in cbocgid is invalid.
Line 489: The property name Text in cbocgid is invalid.
Line 501: The property name Bindings in cbomhvstaff is invalid.
Line 508: The property name _ExtentX in cbomhvstaff is invalid.
Line 509: The property name _ExtentY in cbomhvstaff is invalid.
Line 510: The property name _Version in cbomhvstaff is invalid.
Line 514: The property name ListField in cbomhvstaff is invalid.
Line 515: The property name BoundColumn in cbomhvstaff is invalid.
Line 516: The property name Text in cbomhvstaff is invalid.
Line 567: The property name _ExtentX in IMG is invalid.
Line 568: The property name _ExtentY in IMG is invalid.
Line 570: The property name ImageWidth in IMG is invalid.
Line 571: The property name ImageHeight in IMG is invalid.
Line 572: The property name MaskColor in IMG is invalid.
Line 573: The property name _Version in IMG is invalid.
Line 600: The property name Images in IMG is invalid.
Line 609: The property name _ExtentX in TB is invalid.
Line 610: The property name _ExtentY in TB is invalid.
Line 611: The property name ButtonWidth in TB is invalid.
Line 612: The property name ButtonHeight in TB is invalid.
Line 614: The property name ImageList in TB is invalid.
Line 615: The property name _Version in TB is invalid.
Line 661: The property name Buttons in TB is invalid.
