Line 175: Class VSFlex7Ctl.VSFlexGrid of control Mygrid was not a loaded control class.
Line 181: The property name _cx in Mygrid is invalid.
Line 182: The property name _cy in Mygrid is invalid.
Line 183: The property name _ConvInfo in Mygrid is invalid.
Line 199: The property name BackColorFixed in Mygrid is invalid.
Line 200: The property name ForeColorFixed in Mygrid is invalid.
Line 201: The property name BackColorSel in Mygrid is invalid.
Line 202: The property name ForeColorSel in Mygrid is invalid.
Line 203: The property name BackColorBkg in Mygrid is invalid.
Line 204: The property name BackColorAlternate in Mygrid is invalid.
Line 205: The property name GridColor in Mygrid is invalid.
Line 206: The property name GridColorFixed in Mygrid is invalid.
Line 207: The property name TreeColor in Mygrid is invalid.
Line 208: The property name FloodColor in Mygrid is invalid.
Line 209: The property name SheetBorder in Mygrid is invalid.
Line 210: The property name FocusRect in Mygrid is invalid.
Line 211: The property name HighLight in Mygrid is invalid.
Line 212: The property name AllowSelection in Mygrid is invalid.
Line 213: The property name AllowBigSelection in Mygrid is invalid.
Line 214: The property name AllowUserResizing in Mygrid is invalid.
Line 215: The property name SelectionMode in Mygrid is invalid.
Line 216: The property name GridLines in Mygrid is invalid.
Line 217: The property name GridLinesFixed in Mygrid is invalid.
Line 218: The property name GridLineWidth in Mygrid is invalid.
Line 219: The property name Rows in Mygrid is invalid.
Line 220: The property name Cols in Mygrid is invalid.
Line 221: The property name FixedRows in Mygrid is invalid.
Line 222: The property name FixedCols in Mygrid is invalid.
Line 223: The property name RowHeightMin in Mygrid is invalid.
Line 224: The property name RowHeightMax in Mygrid is invalid.
Line 225: The property name ColWidthMin in Mygrid is invalid.
Line 226: The property name ColWidthMax in Mygrid is invalid.
Line 227: The property name ExtendLastCol in Mygrid is invalid.
Line 228: The property name FormatString in Mygrid is invalid.
Line 229: The property name ScrollTrack in Mygrid is invalid.
Line 230: The property name ScrollBars in Mygrid is invalid.
Line 231: The property name ScrollTips in Mygrid is invalid.
Line 232: The property name MergeCells in Mygrid is invalid.
Line 233: The property name MergeCompare in Mygrid is invalid.
Line 234: The property name AutoResize in Mygrid is invalid.
Line 235: The property name AutoSizeMode in Mygrid is invalid.
Line 236: The property name AutoSearch in Mygrid is invalid.
Line 237: The property name AutoSearchDelay in Mygrid is invalid.
Line 238: The property name MultiTotals in Mygrid is invalid.
Line 239: The property name SubtotalPosition in Mygrid is invalid.
Line 240: The property name OutlineBar in Mygrid is invalid.
Line 241: The property name OutlineCol in Mygrid is invalid.
Line 242: The property name Ellipsis in Mygrid is invalid.
Line 243: The property name ExplorerBar in Mygrid is invalid.
Line 244: The property name PicturesOver in Mygrid is invalid.
Line 247: The property name PictureType in Mygrid is invalid.
Line 248: The property name TabBehavior in Mygrid is invalid.
Line 249: The property name OwnerDraw in Mygrid is invalid.
Line 250: The property name Editable in Mygrid is invalid.
Line 251: The property name ShowComboButton in Mygrid is invalid.
Line 252: The property name WordWrap in Mygrid is invalid.
Line 253: The property name TextStyle in Mygrid is invalid.
Line 254: The property name TextStyleFixed in Mygrid is invalid.
Line 257: The property name DataMode in Mygrid is invalid.
Line 258: The property name VirtualData in Mygrid is invalid.
Line 260: The property name ComboSearch in Mygrid is invalid.
Line 261: The property name AutoSizeMouse in Mygrid is invalid.
Line 262: The property name FrozenRows in Mygrid is invalid.
Line 263: The property name FrozenCols in Mygrid is invalid.
Line 264: The property name AllowUserFreezing in Mygrid is invalid.
Line 265: The property name BackColorFrozen in Mygrid is invalid.
Line 266: The property name ForeColorFrozen in Mygrid is invalid.
Line 267: The property name WallPaperAlignment in Mygrid is invalid.
